   1              		.cpu arm7tdmi
   2              		.fpu softvfp
   3              		.eabi_attribute 20, 1
   4              		.eabi_attribute 21, 1
   5              		.eabi_attribute 23, 3
   6              		.eabi_attribute 24, 1
   7              		.eabi_attribute 25, 1
   8              		.eabi_attribute 26, 1
   9              		.eabi_attribute 30, 6
  10              		.eabi_attribute 18, 4
  11              		.file	"iis.c"
  21              	.Ltext0:
  22              		.file 1 "../src/iis.c"
 1899              	flag:
 1900 0000 00       		.space	1
 1901              	iomode:
 1902 0001 00       		.space	1
 1903              		.text
 1904              		.align	2
 1905              		.global	iis_init
 1907              	iis_init:
 1908              	.LFB0:
   1:../src/iis.c  **** 
   2:../src/iis.c  **** #include <s3c44b0x.h>
   3:../src/iis.c  **** #include <s3cev40.h>
   4:../src/iis.c  **** #include <iis.h>
   5:../src/iis.c  **** #include <dma.h>
   6:../src/iis.c  **** 
   7:../src/iis.c  **** static void isr_bdma0( void ) __attribute__ ((interrupt ("IRQ")));
   8:../src/iis.c  **** 
   9:../src/iis.c  **** static uint8 flag;
  10:../src/iis.c  **** static uint8 iomode;
  11:../src/iis.c  **** 
  12:../src/iis.c  **** 
  13:../src/iis.c  **** /*
  14:../src/iis.c  **** ** Configura el controlador de IIS según los siguientes parámetros
  15:../src/iis.c  **** **   Master mode en reposo (no transfer y todo desabilitado)
  16:../src/iis.c  **** **   fs: 16000 KHz
  17:../src/iis.c  **** **   CODECLK: 256fs
  18:../src/iis.c  **** **   SDCLK: 32fs
  19:../src/iis.c  **** **   Bits por canal: 16
  20:../src/iis.c  **** **   Protocolo de trasmisión de audio: iis
  21:../src/iis.c  **** **   Señalizacion de canal izquierdo: a baja
  22:../src/iis.c  **** ** Si mode = IIS_DMA
  23:../src/iis.c  **** **   No transfer mode
  24:../src/iis.c  **** **   Deshabilita Tx/Rx FIFOs
  25:../src/iis.c  **** **   Deshabilita prescaler e IIS
  26:../src/iis.c  **** **   Inicializa el BDMA0
  27:../src/iis.c  **** **   Abre las interrupciones por BDMA0
  28:../src/iis.c  **** ** Si mode = IIS_POLLING
  29:../src/iis.c  **** **   Transmit and receibe mode
  30:../src/iis.c  **** **   Tx/Rx por pooling
  31:../src/iis.c  **** **   Habilita Tx/Rx FIFOs
  32:../src/iis.c  **** **   Habilita prescaler e IIS
  33:../src/iis.c  **** */
  34:../src/iis.c  **** void iis_init( uint8 mode )
  35:../src/iis.c  **** {
 1909              		.loc 1 35 0
 1910              		.cfi_startproc
 1911              		@ Function supports interworking.
 1912              		@ args = 0, pretend = 0, frame = 8
 1913              		@ frame_needed = 1, uses_anonymous_args = 0
 1914 0000 0DC0A0E1 		mov	ip, sp
 1915              	.LCFI0:
 1916              		.cfi_def_cfa_register 12
 1917 0004 00D82DE9 		stmfd	sp!, {fp, ip, lr, pc}
 1918 0008 04B04CE2 		sub	fp, ip, #4
 1919              		.cfi_offset 14, -8
 1920              		.cfi_offset 13, -12
 1921              		.cfi_offset 11, -16
 1922              	.LCFI1:
 1923              		.cfi_def_cfa 11, 4
 1924 000c 08D04DE2 		sub	sp, sp, #8
 1925 0010 0030A0E1 		mov	r3, r0
 1926 0014 0D304BE5 		strb	r3, [fp, #-13]
  36:../src/iis.c  ****     iomode = mode;
 1927              		.loc 1 36 0
 1928 0018 A0309FE5 		ldr	r3, .L4
 1929 001c 0D205BE5 		ldrb	r2, [fp, #-13]
 1930 0020 0020C3E5 		strb	r2, [r3, #0]
  37:../src/iis.c  **** 
  38:../src/iis.c  ****     if( mode == IIS_POLLING )
 1931              		.loc 1 38 0
 1932 0024 0D305BE5 		ldrb	r3, [fp, #-13]	@ zero_extendqisi2
 1933 0028 020053E3 		cmp	r3, #2
 1934 002c 0B00001A 		bne	.L2
  39:../src/iis.c  ****     {
  40:../src/iis.c  ****         IISPSR  = ((111<<0) | (111<<4));	//fs: 16000 KHz
 1935              		.loc 1 40 0
 1936 0030 8C309FE5 		ldr	r3, .L4+4
 1937 0034 8C209FE5 		ldr	r2, .L4+8
 1938 0038 002083E5 		str	r2, [r3, #0]
  41:../src/iis.c  ****         IISMOD = 011001001;	//CODECLK: 256fs, SDCLK: 32fs, Bits por canal: 16, master mode, modo tr
 1939              		.loc 1 41 0
 1940 003c 88309FE5 		ldr	r3, .L4+12
 1941 0040 88209FE5 		ldr	r2, .L4+16
 1942 0044 002083E5 		str	r2, [r3, #0]
  42:../src/iis.c  ****         IISFCON = (0011<<8);
 1943              		.loc 1 42 0
 1944 0048 84309FE5 		ldr	r3, .L4+20
 1945 004c 092CA0E3 		mov	r2, #2304
 1946 0050 002083E5 		str	r2, [r3, #0]
  43:../src/iis.c  ****         IISCON = ((11<<0) | (0000<<2));
 1947              		.loc 1 43 0
 1948 0054 7C309FE5 		ldr	r3, .L4+24
 1949 0058 0B20A0E3 		mov	r2, #11
 1950 005c 002083E5 		str	r2, [r3, #0]
 1951              	.L2:
  44:../src/iis.c  ****     }
  45:../src/iis.c  ****     if( mode == IIS_DMA )
 1952              		.loc 1 45 0
 1953 0060 0D305BE5 		ldrb	r3, [fp, #-13]	@ zero_extendqisi2
 1954 0064 010053E3 		cmp	r3, #1
 1955 0068 1100001A 		bne	.L1
  46:../src/iis.c  ****     {
  47:../src/iis.c  ****         IISPSR  = ((111<<0) | (111<<4));	//fs: 16000 KHz
 1956              		.loc 1 47 0
 1957 006c 50309FE5 		ldr	r3, .L4+4
 1958 0070 50209FE5 		ldr	r2, .L4+8
 1959 0074 002083E5 		str	r2, [r3, #0]
  48:../src/iis.c  ****         IISMOD  = 000001001;	//CODECLK: 256fs, SDCLK: 32fs, Bits por canal: 16, master mode, modo N
 1960              		.loc 1 48 0
 1961 0078 4C309FE5 		ldr	r3, .L4+12
 1962 007c 58209FE5 		ldr	r2, .L4+28
 1963 0080 002083E5 		str	r2, [r3, #0]
  49:../src/iis.c  ****         IISFCON = 0;
 1964              		.loc 1 49 0
 1965 0084 48309FE5 		ldr	r3, .L4+20
 1966 0088 0020A0E3 		mov	r2, #0
 1967 008c 002083E5 		str	r2, [r3, #0]
  50:../src/iis.c  ****         IISCON  = 0;
 1968              		.loc 1 50 0
 1969 0090 40309FE5 		ldr	r3, .L4+24
 1970 0094 0020A0E3 		mov	r2, #0
 1971 0098 002083E5 		str	r2, [r3, #0]
  51:../src/iis.c  ****         bdma0_init();
 1972              		.loc 1 51 0
 1973 009c FEFFFFEB 		bl	bdma0_init
  52:../src/iis.c  ****         bdma0_open( isr_bdma0 );
 1974              		.loc 1 52 0
 1975 00a0 38009FE5 		ldr	r0, .L4+32
 1976 00a4 FEFFFFEB 		bl	bdma0_open
  53:../src/iis.c  ****         flag = OFF;
 1977              		.loc 1 53 0
 1978 00a8 34309FE5 		ldr	r3, .L4+36
 1979 00ac 0020A0E3 		mov	r2, #0
 1980 00b0 0020C3E5 		strb	r2, [r3, #0]
 1981              	.L1:
  54:../src/iis.c  ****     }
  55:../src/iis.c  **** }
 1982              		.loc 1 55 0
 1983 00b4 0CD04BE2 		sub	sp, fp, #12
 1984 00b8 00689DE8 		ldmfd	sp, {fp, sp, lr}
 1985 00bc 1EFF2FE1 		bx	lr
 1986              	.L5:
 1987              		.align	2
 1988              	.L4:
 1989 00c0 01000000 		.word	iomode
 1990 00c4 0880D101 		.word	30507016
 1991 00c8 FF060000 		.word	1791
 1992 00cc 0480D101 		.word	30507012
 1993 00d0 01022400 		.word	2359809
 1994 00d4 0C80D101 		.word	30507020
 1995 00d8 0080D101 		.word	30507008
 1996 00dc 01020000 		.word	513
 1997 00e0 00000000 		.word	isr_bdma0
 1998 00e4 00000000 		.word	flag
 1999              		.cfi_endproc
 2000              	.LFE0:
 2002              		.align	2
 2004              	isr_bdma0:
 2005              	.LFB1:
  56:../src/iis.c  **** 
  57:../src/iis.c  **** /* Interrupcion de la DMA0, cunado termina de transmitir/recibir. Pone el FLAG=OFF indicando que ha
  58:../src/iis.c  **** static void isr_bdma0( void )
  59:../src/iis.c  **** {
 2006              		.loc 1 59 0
 2007              		.cfi_startproc
 2008              		@ Interrupt Service Routine.
 2009              		@ args = 0, pretend = 0, frame = 0
 2010              		@ frame_needed = 1, uses_anonymous_args = 0
 2011 00e8 04C02DE5 		str	ip, [sp, #-4]!
 2012 00ec 0DC0A0E1 		mov	ip, sp
 2013              	.LCFI2:
 2014              		.cfi_def_cfa_register 12
 2015 00f0 0CD82DE9 		stmfd	sp!, {r2, r3, fp, ip, lr, pc}
 2016 00f4 04B04CE2 		sub	fp, ip, #4
 2017              		.cfi_offset 14, -8
 2018              		.cfi_offset 13, -12
 2019              		.cfi_offset 11, -16
 2020              		.cfi_offset 3, -20
 2021              		.cfi_offset 2, -24
 2022              	.LCFI3:
 2023              		.cfi_def_cfa 11, 4
  60:../src/iis.c  ****     IISCON &= ~1;
 2024              		.loc 1 60 0
 2025 00f8 34309FE5 		ldr	r3, .L7
 2026 00fc 30209FE5 		ldr	r2, .L7
 2027 0100 002092E5 		ldr	r2, [r2, #0]
 2028 0104 0120C2E3 		bic	r2, r2, #1
 2029 0108 002083E5 		str	r2, [r3, #0]
  61:../src/iis.c  ****     flag = OFF;
 2030              		.loc 1 61 0
 2031 010c 24309FE5 		ldr	r3, .L7+4
 2032 0110 0020A0E3 		mov	r2, #0
 2033 0114 0020C3E5 		strb	r2, [r3, #0]
  62:../src/iis.c  ****     I_ISPC = BIT_BDMA0; 
 2034              		.loc 1 62 0
 2035 0118 1C309FE5 		ldr	r3, .L7+8
 2036 011c 0228A0E3 		mov	r2, #131072
 2037 0120 002083E5 		str	r2, [r3, #0]
  63:../src/iis.c  **** }
 2038              		.loc 1 63 0
 2039 0124 14D04BE2 		sub	sp, fp, #20
 2040 0128 0C689DE8 		ldmfd	sp, {r2, r3, fp, sp, lr}
 2041 012c 04C09DE4 		ldmfd	sp!, {ip}
 2042 0130 04F05EE2 		subs	pc, lr, #4
 2043              	.L8:
 2044              		.align	2
 2045              	.L7:
 2046 0134 0080D101 		.word	30507008
 2047 0138 00000000 		.word	flag
 2048 013c 2400E001 		.word	31457316
 2049              		.cfi_endproc
 2050              	.LFE1:
 2052              		.align	2
 2053              		.global	iis_putSample
 2055              	iis_putSample:
 2056              	.LFB2:
  64:../src/iis.c  **** 
  65:../src/iis.c  **** /*
  66:../src/iis.c  **** ** Envía por el bus IIS una muestra por pooling
  67:../src/iis.c  **** */
  68:../src/iis.c  **** inline void iis_putSample( int16 ch0, int16 ch1 )
  69:../src/iis.c  **** {
 2057              		.loc 1 69 0
 2058              		.cfi_startproc
 2059              		@ Function supports interworking.
 2060              		@ args = 0, pretend = 0, frame = 8
 2061              		@ frame_needed = 1, uses_anonymous_args = 0
 2062 0140 0DC0A0E1 		mov	ip, sp
 2063              	.LCFI4:
 2064              		.cfi_def_cfa_register 12
 2065 0144 00D82DE9 		stmfd	sp!, {fp, ip, lr, pc}
 2066 0148 04B04CE2 		sub	fp, ip, #4
 2067              		.cfi_offset 14, -8
 2068              		.cfi_offset 13, -12
 2069              		.cfi_offset 11, -16
 2070              	.LCFI5:
 2071              		.cfi_def_cfa 11, 4
 2072 014c 08D04DE2 		sub	sp, sp, #8
 2073 0150 0020A0E1 		mov	r2, r0
 2074 0154 0130A0E1 		mov	r3, r1
 2075 0158 BE204BE1 		strh	r2, [fp, #-14]	@ movhi
 2076 015c B0314BE1 		strh	r3, [fp, #-16]	@ movhi
  70:../src/iis.c  ****     while( ((IISFCON)<<4) > (0110));/*Esperar a que haya al menos 2 huecos en la FIFO Tx (mientras 
 2077              		.loc 1 70 0
 2078 0160 0000A0E1 		mov	r0, r0	@ nop
 2079              	.L10:
 2080              		.loc 1 70 0 is_stmt 0 discriminator 1
 2081 0164 30309FE5 		ldr	r3, .L11
 2082 0168 003093E5 		ldr	r3, [r3, #0]
 2083 016c 0332A0E1 		mov	r3, r3, asl #4
 2084 0170 480053E3 		cmp	r3, #72
 2085 0174 FAFFFF8A 		bhi	.L10
  71:../src/iis.c  ****     IISFIF = ch0;
 2086              		.loc 1 71 0 is_stmt 1
 2087 0178 20309FE5 		ldr	r3, .L11+4
 2088 017c FE205BE1 		ldrsh	r2, [fp, #-14]
 2089 0180 002083E5 		str	r2, [r3, #0]
  72:../src/iis.c  ****     IISFIF = ch1;
 2090              		.loc 1 72 0
 2091 0184 14309FE5 		ldr	r3, .L11+4
 2092 0188 F0215BE1 		ldrsh	r2, [fp, #-16]
 2093 018c 002083E5 		str	r2, [r3, #0]
  73:../src/iis.c  **** }
 2094              		.loc 1 73 0
 2095 0190 0CD04BE2 		sub	sp, fp, #12
 2096 0194 00689DE8 		ldmfd	sp, {fp, sp, lr}
 2097 0198 1EFF2FE1 		bx	lr
 2098              	.L12:
 2099              		.align	2
 2100              	.L11:
 2101 019c 0C80D101 		.word	30507020
 2102 01a0 1080D101 		.word	30507024
 2103              		.cfi_endproc
 2104              	.LFE2:
 2106              		.align	2
 2107              		.global	iis_getSample
 2109              	iis_getSample:
 2110              	.LFB3:
  74:../src/iis.c  **** 
  75:../src/iis.c  **** /*
  76:../src/iis.c  **** ** Almacena por pooling una muestra recibida por el bus IIS
  77:../src/iis.c  **** */
  78:../src/iis.c  **** inline void iis_getSample( int16 *ch0, int16 *ch1 )
  79:../src/iis.c  **** {
 2111              		.loc 1 79 0
 2112              		.cfi_startproc
 2113              		@ Function supports interworking.
 2114              		@ args = 0, pretend = 0, frame = 8
 2115              		@ frame_needed = 1, uses_anonymous_args = 0
 2116 01a4 0DC0A0E1 		mov	ip, sp
 2117              	.LCFI6:
 2118              		.cfi_def_cfa_register 12
 2119 01a8 00D82DE9 		stmfd	sp!, {fp, ip, lr, pc}
 2120 01ac 04B04CE2 		sub	fp, ip, #4
 2121              		.cfi_offset 14, -8
 2122              		.cfi_offset 13, -12
 2123              		.cfi_offset 11, -16
 2124              	.LCFI7:
 2125              		.cfi_def_cfa 11, 4
 2126 01b0 08D04DE2 		sub	sp, sp, #8
 2127 01b4 10000BE5 		str	r0, [fp, #-16]
 2128 01b8 14100BE5 		str	r1, [fp, #-20]
  80:../src/iis.c  **** 	while((IISFCON>>4) < (0010));/*Esperar a que haya al menos 2 huecos en la FIFO Tx (mientras IISFCO
 2129              		.loc 1 80 0
 2130 01bc 0000A0E1 		mov	r0, r0	@ nop
 2131              	.L14:
 2132              		.loc 1 80 0 is_stmt 0 discriminator 1
 2133 01c0 48309FE5 		ldr	r3, .L15
 2134 01c4 003093E5 		ldr	r3, [r3, #0]
 2135 01c8 2332A0E1 		mov	r3, r3, lsr #4
 2136 01cc 070053E3 		cmp	r3, #7
 2137 01d0 FAFFFF9A 		bls	.L14
  81:../src/iis.c  **** 	*ch0=IISFIF;
 2138              		.loc 1 81 0 is_stmt 1
 2139 01d4 38309FE5 		ldr	r3, .L15+4
 2140 01d8 003093E5 		ldr	r3, [r3, #0]
 2141 01dc 0338A0E1 		mov	r3, r3, asl #16
 2142 01e0 2328A0E1 		mov	r2, r3, lsr #16
 2143 01e4 10301BE5 		ldr	r3, [fp, #-16]
 2144 01e8 B020C3E1 		strh	r2, [r3, #0]	@ movhi
  82:../src/iis.c  **** 	*ch1=IISFIF;
 2145              		.loc 1 82 0
 2146 01ec 20309FE5 		ldr	r3, .L15+4
 2147 01f0 003093E5 		ldr	r3, [r3, #0]
 2148 01f4 0338A0E1 		mov	r3, r3, asl #16
 2149 01f8 2328A0E1 		mov	r2, r3, lsr #16
 2150 01fc 14301BE5 		ldr	r3, [fp, #-20]
 2151 0200 B020C3E1 		strh	r2, [r3, #0]	@ movhi
  83:../src/iis.c  **** }
 2152              		.loc 1 83 0
 2153 0204 0CD04BE2 		sub	sp, fp, #12
 2154 0208 00689DE8 		ldmfd	sp, {fp, sp, lr}
 2155 020c 1EFF2FE1 		bx	lr
 2156              	.L16:
 2157              		.align	2
 2158              	.L15:
 2159 0210 0C80D101 		.word	30507020
 2160 0214 1080D101 		.word	30507024
 2161              		.cfi_endproc
 2162              	.LFE3:
 2164              		.align	2
 2165              		.global	iis_play
 2167              	iis_play:
 2168              	.LFB4:
  84:../src/iis.c  **** 
  85:../src/iis.c  **** void iis_play( int16 *buffer, uint32 length, uint8 loop )
  86:../src/iis.c  **** {
 2169              		.loc 1 86 0
 2170              		.cfi_startproc
 2171              		@ Function supports interworking.
 2172              		@ args = 0, pretend = 0, frame = 24
 2173              		@ frame_needed = 1, uses_anonymous_args = 0
 2174 0218 0DC0A0E1 		mov	ip, sp
 2175              	.LCFI8:
 2176              		.cfi_def_cfa_register 12
 2177 021c 00D82DE9 		stmfd	sp!, {fp, ip, lr, pc}
 2178 0220 04B04CE2 		sub	fp, ip, #4
 2179              		.cfi_offset 14, -8
 2180              		.cfi_offset 13, -12
 2181              		.cfi_offset 11, -16
 2182              	.LCFI9:
 2183              		.cfi_def_cfa 11, 4
 2184 0224 18D04DE2 		sub	sp, sp, #24
 2185 0228 18000BE5 		str	r0, [fp, #-24]
 2186 022c 1C100BE5 		str	r1, [fp, #-28]
 2187 0230 0230A0E1 		mov	r3, r2
 2188 0234 1D304BE5 		strb	r3, [fp, #-29]
  87:../src/iis.c  ****     uint32 i;
  88:../src/iis.c  ****     int16 ch1, ch2;
  89:../src/iis.c  **** 
  90:../src/iis.c  ****     if( iomode == IIS_POLLING )
 2189              		.loc 1 90 0
 2190 0238 3C319FE5 		ldr	r3, .L23
 2191 023c 0030D3E5 		ldrb	r3, [r3, #0]	@ zero_extendqisi2
 2192 0240 020053E3 		cmp	r3, #2
 2193 0244 1E00001A 		bne	.L18
  91:../src/iis.c  ****         for( i=0; i<length/2; )
 2194              		.loc 1 91 0
 2195 0248 0030A0E3 		mov	r3, #0
 2196 024c 10300BE5 		str	r3, [fp, #-16]
 2197 0250 160000EA 		b	.L19
 2198              	.L20:
  92:../src/iis.c  ****         {
  93:../src/iis.c  ****             ch1 = buffer[i++];
 2199              		.loc 1 93 0
 2200 0254 10301BE5 		ldr	r3, [fp, #-16]
 2201 0258 8330A0E1 		mov	r3, r3, asl #1
 2202 025c 18201BE5 		ldr	r2, [fp, #-24]
 2203 0260 033082E0 		add	r3, r2, r3
 2204 0264 B030D3E1 		ldrh	r3, [r3, #0]	@ movhi
 2205 0268 B2314BE1 		strh	r3, [fp, #-18]	@ movhi
 2206 026c 10301BE5 		ldr	r3, [fp, #-16]
 2207 0270 013083E2 		add	r3, r3, #1
 2208 0274 10300BE5 		str	r3, [fp, #-16]
  94:../src/iis.c  ****             ch2 = buffer[i++];
 2209              		.loc 1 94 0
 2210 0278 10301BE5 		ldr	r3, [fp, #-16]
 2211 027c 8330A0E1 		mov	r3, r3, asl #1
 2212 0280 18201BE5 		ldr	r2, [fp, #-24]
 2213 0284 033082E0 		add	r3, r2, r3
 2214 0288 B030D3E1 		ldrh	r3, [r3, #0]	@ movhi
 2215 028c B4314BE1 		strh	r3, [fp, #-20]	@ movhi
 2216 0290 10301BE5 		ldr	r3, [fp, #-16]
 2217 0294 013083E2 		add	r3, r3, #1
 2218 0298 10300BE5 		str	r3, [fp, #-16]
  95:../src/iis.c  ****             iis_putSample( ch1, ch2 );
 2219              		.loc 1 95 0
 2220 029c F2215BE1 		ldrsh	r2, [fp, #-18]
 2221 02a0 F4315BE1 		ldrsh	r3, [fp, #-20]
 2222 02a4 0200A0E1 		mov	r0, r2
 2223 02a8 0310A0E1 		mov	r1, r3
 2224 02ac FEFFFFEB 		bl	iis_putSample
 2225              	.L19:
  91:../src/iis.c  ****         for( i=0; i<length/2; )
 2226              		.loc 1 91 0 discriminator 1
 2227 02b0 1C301BE5 		ldr	r3, [fp, #-28]
 2228 02b4 A320A0E1 		mov	r2, r3, lsr #1
 2229 02b8 10301BE5 		ldr	r3, [fp, #-16]
 2230 02bc 030052E1 		cmp	r2, r3
 2231 02c0 E3FFFF8A 		bhi	.L20
 2232              	.L18:
  96:../src/iis.c  ****         }
  97:../src/iis.c  ****     if( iomode == IIS_DMA )
 2233              		.loc 1 97 0
 2234 02c4 B0309FE5 		ldr	r3, .L23
 2235 02c8 0030D3E5 		ldrb	r3, [r3, #0]	@ zero_extendqisi2
 2236 02cc 010053E3 		cmp	r3, #1
 2237 02d0 2600001A 		bne	.L17
  98:../src/iis.c  ****     {
  99:../src/iis.c  ****     	while( flag != OFF );
 2238              		.loc 1 99 0
 2239 02d4 0000A0E1 		mov	r0, r0	@ nop
 2240              	.L22:
 2241              		.loc 1 99 0 is_stmt 0 discriminator 1
 2242 02d8 A0309FE5 		ldr	r3, .L23+4
 2243 02dc 0030D3E5 		ldrb	r3, [r3, #0]	@ zero_extendqisi2
 2244 02e0 000053E3 		cmp	r3, #0
 2245 02e4 FBFFFF1A 		bne	.L22
 100:../src/iis.c  **** 		BDISRC0 = (1 << 30) | (1 << 28) | (uint32) &IISFIF;
 2246              		.loc 1 100 0 is_stmt 1
 2247 02e8 94309FE5 		ldr	r3, .L23+8
 2248 02ec 94209FE5 		ldr	r2, .L23+12
 2249 02f0 002083E5 		str	r2, [r3, #0]
 101:../src/iis.c  **** 		BDIDES0 = (2 << 30) | (3 << 28) | (uint32) buffer;
 2250              		.loc 1 101 0
 2251 02f4 90309FE5 		ldr	r3, .L23+16
 2252 02f8 18201BE5 		ldr	r2, [fp, #-24]
 2253 02fc 0B2282E3 		orr	r2, r2, #-1342177280
 2254 0300 002083E5 		str	r2, [r3, #0]
 102:../src/iis.c  **** 		BDCON0 = 0;
 2255              		.loc 1 102 0
 2256 0304 7E37A0E3 		mov	r3, #33030144
 2257 0308 0020A0E3 		mov	r2, #0
 2258 030c 002083E5 		str	r2, [r3, #0]
 103:../src/iis.c  **** 		BDICNT0 = (1 << 30) | (1 << 26) | (3 << 22) | (0xfffff & length);
 2259              		.loc 1 103 0
 2260 0310 78209FE5 		ldr	r2, .L23+20
 2261 0314 1C301BE5 		ldr	r3, [fp, #-28]
 2262 0318 FF34C3E3 		bic	r3, r3, #-16777216
 2263 031c 0F36C3E3 		bic	r3, r3, #15728640
 2264 0320 113383E3 		orr	r3, r3, #1140850688
 2265 0324 033583E3 		orr	r3, r3, #12582912
 2266 0328 003082E5 		str	r3, [r2, #0]
 104:../src/iis.c  **** 		BDICNT0 |= (1 << 20);
 2267              		.loc 1 104 0
 2268 032c 5C309FE5 		ldr	r3, .L23+20
 2269 0330 58209FE5 		ldr	r2, .L23+20
 2270 0334 002092E5 		ldr	r2, [r2, #0]
 2271 0338 012682E3 		orr	r2, r2, #1048576
 2272 033c 002083E5 		str	r2, [r3, #0]
 105:../src/iis.c  **** 
 106:../src/iis.c  **** 		IISMOD = ((010) << 6); /* modo TRANSFER*/
 2273              		.loc 1 106 0
 2274 0340 4C309FE5 		ldr	r3, .L23+24
 2275 0344 022CA0E3 		mov	r2, #512
 2276 0348 002083E5 		str	r2, [r3, #0]
 107:../src/iis.c  **** 		IISFCON = ((1010) << 8); /*DMA access mode*/
 2277              		.loc 1 107 0
 2278 034c 44309FE5 		ldr	r3, .L23+28
 2279 0350 44209FE5 		ldr	r2, .L23+32
 2280 0354 002083E5 		str	r2, [r3, #0]
 108:../src/iis.c  **** 		IISCON = (((11) << 0) | ((10) << 4));
 2281              		.loc 1 108 0
 2282 0358 40309FE5 		ldr	r3, .L23+36
 2283 035c AB20A0E3 		mov	r2, #171
 2284 0360 002083E5 		str	r2, [r3, #0]
 109:../src/iis.c  **** 		flag = ON;
 2285              		.loc 1 109 0
 2286 0364 14309FE5 		ldr	r3, .L23+4
 2287 0368 0120A0E3 		mov	r2, #1
 2288 036c 0020C3E5 		strb	r2, [r3, #0]
 2289              	.L17:
 110:../src/iis.c  ****     }
 111:../src/iis.c  **** }
 2290              		.loc 1 111 0
 2291 0370 0CD04BE2 		sub	sp, fp, #12
 2292 0374 00689DE8 		ldmfd	sp, {fp, sp, lr}
 2293 0378 1EFF2FE1 		bx	lr
 2294              	.L24:
 2295              		.align	2
 2296              	.L23:
 2297 037c 01000000 		.word	iomode
 2298 0380 00000000 		.word	flag
 2299 0384 0400F801 		.word	33030148
 2300 0388 1080D151 		.word	1372684304
 2301 038c 0800F801 		.word	33030152
 2302 0390 0C00F801 		.word	33030156
 2303 0394 0480D101 		.word	30507012
 2304 0398 0C80D101 		.word	30507020
 2305 039c 00F20300 		.word	258560
 2306 03a0 0080D101 		.word	30507008
 2307              		.cfi_endproc
 2308              	.LFE4:
 2310              		.align	2
 2311              		.global	iis_rec
 2313              	iis_rec:
 2314              	.LFB5:
 112:../src/iis.c  **** 
 113:../src/iis.c  **** void iis_rec( int16 *buffer, uint32 length )
 114:../src/iis.c  **** {
 2315              		.loc 1 114 0
 2316              		.cfi_startproc
 2317              		@ Function supports interworking.
 2318              		@ args = 0, pretend = 0, frame = 16
 2319              		@ frame_needed = 1, uses_anonymous_args = 0
 2320 03a4 0DC0A0E1 		mov	ip, sp
 2321              	.LCFI10:
 2322              		.cfi_def_cfa_register 12
 2323 03a8 00D82DE9 		stmfd	sp!, {fp, ip, lr, pc}
 2324 03ac 04B04CE2 		sub	fp, ip, #4
 2325              		.cfi_offset 14, -8
 2326              		.cfi_offset 13, -12
 2327              		.cfi_offset 11, -16
 2328              	.LCFI11:
 2329              		.cfi_def_cfa 11, 4
 2330 03b0 10D04DE2 		sub	sp, sp, #16
 2331 03b4 18000BE5 		str	r0, [fp, #-24]
 2332 03b8 1C100BE5 		str	r1, [fp, #-28]
 115:../src/iis.c  ****     uint32 i;
 116:../src/iis.c  ****     int16 ch1, ch2;
 117:../src/iis.c  **** 
 118:../src/iis.c  ****     if( iomode == IIS_POLLING )
 2333              		.loc 1 118 0
 2334 03bc 40319FE5 		ldr	r3, .L31
 2335 03c0 0030D3E5 		ldrb	r3, [r3, #0]	@ zero_extendqisi2
 2336 03c4 020053E3 		cmp	r3, #2
 2337 03c8 1F00001A 		bne	.L26
 119:../src/iis.c  ****     	for( i=0; i<length/2; )
 2338              		.loc 1 119 0
 2339 03cc 0030A0E3 		mov	r3, #0
 2340 03d0 10300BE5 		str	r3, [fp, #-16]
 2341 03d4 170000EA 		b	.L27
 2342              	.L28:
 120:../src/iis.c  ****     	{
 121:../src/iis.c  **** 			ch1 = buffer[i++];
 2343              		.loc 1 121 0
 2344 03d8 10301BE5 		ldr	r3, [fp, #-16]
 2345 03dc 8330A0E1 		mov	r3, r3, asl #1
 2346 03e0 18201BE5 		ldr	r2, [fp, #-24]
 2347 03e4 033082E0 		add	r3, r2, r3
 2348 03e8 B030D3E1 		ldrh	r3, [r3, #0]	@ movhi
 2349 03ec B2314BE1 		strh	r3, [fp, #-18]	@ movhi
 2350 03f0 10301BE5 		ldr	r3, [fp, #-16]
 2351 03f4 013083E2 		add	r3, r3, #1
 2352 03f8 10300BE5 		str	r3, [fp, #-16]
 122:../src/iis.c  **** 			ch2 = buffer[i++];
 2353              		.loc 1 122 0
 2354 03fc 10301BE5 		ldr	r3, [fp, #-16]
 2355 0400 8330A0E1 		mov	r3, r3, asl #1
 2356 0404 18201BE5 		ldr	r2, [fp, #-24]
 2357 0408 033082E0 		add	r3, r2, r3
 2358 040c B030D3E1 		ldrh	r3, [r3, #0]	@ movhi
 2359 0410 B4314BE1 		strh	r3, [fp, #-20]	@ movhi
 2360 0414 10301BE5 		ldr	r3, [fp, #-16]
 2361 0418 013083E2 		add	r3, r3, #1
 2362 041c 10300BE5 		str	r3, [fp, #-16]
 123:../src/iis.c  **** 			iis_getSample(ch1, ch2);
 2363              		.loc 1 123 0
 2364 0420 F2315BE1 		ldrsh	r3, [fp, #-18]
 2365 0424 0320A0E1 		mov	r2, r3
 2366 0428 F4315BE1 		ldrsh	r3, [fp, #-20]
 2367 042c 0200A0E1 		mov	r0, r2
 2368 0430 0310A0E1 		mov	r1, r3
 2369 0434 FEFFFFEB 		bl	iis_getSample
 2370              	.L27:
 119:../src/iis.c  ****     	for( i=0; i<length/2; )
 2371              		.loc 1 119 0 discriminator 1
 2372 0438 1C301BE5 		ldr	r3, [fp, #-28]
 2373 043c A320A0E1 		mov	r2, r3, lsr #1
 2374 0440 10301BE5 		ldr	r3, [fp, #-16]
 2375 0444 030052E1 		cmp	r2, r3
 2376 0448 E2FFFF8A 		bhi	.L28
 2377              	.L26:
 124:../src/iis.c  **** 		}
 125:../src/iis.c  ****     if( iomode == IIS_DMA )
 2378              		.loc 1 125 0
 2379 044c B0309FE5 		ldr	r3, .L31
 2380 0450 0030D3E5 		ldrb	r3, [r3, #0]	@ zero_extendqisi2
 2381 0454 010053E3 		cmp	r3, #1
 2382 0458 2600001A 		bne	.L25
 126:../src/iis.c  ****     {
 127:../src/iis.c  ****         while( flag != OFF );
 2383              		.loc 1 127 0
 2384 045c 0000A0E1 		mov	r0, r0	@ nop
 2385              	.L30:
 2386              		.loc 1 127 0 is_stmt 0 discriminator 1
 2387 0460 A0309FE5 		ldr	r3, .L31+4
 2388 0464 0030D3E5 		ldrb	r3, [r3, #0]	@ zero_extendqisi2
 2389 0468 000053E3 		cmp	r3, #0
 2390 046c FBFFFF1A 		bne	.L30
 128:../src/iis.c  ****         BDISRC0  = (1 << 30) | (3 << 28) | (uint32) &IISFIF;
 2391              		.loc 1 128 0 is_stmt 1
 2392 0470 94309FE5 		ldr	r3, .L31+8
 2393 0474 94209FE5 		ldr	r2, .L31+12
 2394 0478 002083E5 		str	r2, [r3, #0]
 129:../src/iis.c  ****         BDIDES0  = (2 << 30) | (1 << 28) | (uint32) buffer;      
 2395              		.loc 1 129 0
 2396 047c 90309FE5 		ldr	r3, .L31+16
 2397 0480 18201BE5 		ldr	r2, [fp, #-24]
 2398 0484 092282E3 		orr	r2, r2, #-1879048192
 2399 0488 002083E5 		str	r2, [r3, #0]
 130:../src/iis.c  ****         BDCON0   = 0;
 2400              		.loc 1 130 0
 2401 048c 7E37A0E3 		mov	r3, #33030144
 2402 0490 0020A0E3 		mov	r2, #0
 2403 0494 002083E5 		str	r2, [r3, #0]
 131:../src/iis.c  ****         BDICNT0  = (1 << 30) | (1 << 26) | (3 << 22) | (0xfffff & length); 
 2404              		.loc 1 131 0
 2405 0498 78209FE5 		ldr	r2, .L31+20
 2406 049c 1C301BE5 		ldr	r3, [fp, #-28]
 2407 04a0 FF34C3E3 		bic	r3, r3, #-16777216
 2408 04a4 0F36C3E3 		bic	r3, r3, #15728640
 2409 04a8 113383E3 		orr	r3, r3, #1140850688
 2410 04ac 033583E3 		orr	r3, r3, #12582912
 2411 04b0 003082E5 		str	r3, [r2, #0]
 132:../src/iis.c  ****         BDICNT0 |= (1 << 20);
 2412              		.loc 1 132 0
 2413 04b4 5C309FE5 		ldr	r3, .L31+20
 2414 04b8 58209FE5 		ldr	r2, .L31+20
 2415 04bc 002092E5 		ldr	r2, [r2, #0]
 2416 04c0 012682E3 		orr	r2, r2, #1048576
 2417 04c4 002083E5 		str	r2, [r3, #0]
 133:../src/iis.c  **** 
 134:../src/iis.c  ****         IISMOD  = ((001)<<6);	/* modo recepcion*/
 2418              		.loc 1 134 0
 2419 04c8 4C309FE5 		ldr	r3, .L31+24
 2420 04cc 4020A0E3 		mov	r2, #64
 2421 04d0 002083E5 		str	r2, [r3, #0]
 135:../src/iis.c  ****         IISFCON = ((0101)<<8);	/*DMA access mode*/
 2422              		.loc 1 135 0
 2423 04d4 44309FE5 		ldr	r3, .L31+28
 2424 04d8 412CA0E3 		mov	r2, #16640
 2425 04dc 002083E5 		str	r2, [r3, #0]
 136:../src/iis.c  ****         IISCON  = (((11)<<0) | ((01)<<4));
 2426              		.loc 1 136 0
 2427 04e0 3C309FE5 		ldr	r3, .L31+32
 2428 04e4 1B20A0E3 		mov	r2, #27
 2429 04e8 002083E5 		str	r2, [r3, #0]
 137:../src/iis.c  ****         flag = ON;
 2430              		.loc 1 137 0
 2431 04ec 14309FE5 		ldr	r3, .L31+4
 2432 04f0 0120A0E3 		mov	r2, #1
 2433 04f4 0020C3E5 		strb	r2, [r3, #0]
 2434              	.L25:
 138:../src/iis.c  ****     }
 139:../src/iis.c  **** }
 2435              		.loc 1 139 0
 2436 04f8 0CD04BE2 		sub	sp, fp, #12
 2437 04fc 00689DE8 		ldmfd	sp, {fp, sp, lr}
 2438 0500 1EFF2FE1 		bx	lr
 2439              	.L32:
 2440              		.align	2
 2441              	.L31:
 2442 0504 01000000 		.word	iomode
 2443 0508 00000000 		.word	flag
 2444 050c 0400F801 		.word	33030148
 2445 0510 1080D171 		.word	1909555216
 2446 0514 0800F801 		.word	33030152
 2447 0518 0C00F801 		.word	33030156
 2448 051c 0480D101 		.word	30507012
 2449 0520 0C80D101 		.word	30507020
 2450 0524 0080D101 		.word	30507008
 2451              		.cfi_endproc
 2452              	.LFE5:
 2454              		.align	2
 2455              		.global	iis_pause
 2457              	iis_pause:
 2458              	.LFB6:
 140:../src/iis.c  **** 
 141:../src/iis.c  **** void iis_pause( void )
 142:../src/iis.c  **** {
 2459              		.loc 1 142 0
 2460              		.cfi_startproc
 2461              		@ Function supports interworking.
 2462              		@ args = 0, pretend = 0, frame = 0
 2463              		@ frame_needed = 1, uses_anonymous_args = 0
 2464 0528 0DC0A0E1 		mov	ip, sp
 2465              	.LCFI12:
 2466              		.cfi_def_cfa_register 12
 2467 052c 00D82DE9 		stmfd	sp!, {fp, ip, lr, pc}
 2468 0530 04B04CE2 		sub	fp, ip, #4
 2469              		.cfi_offset 14, -8
 2470              		.cfi_offset 13, -12
 2471              		.cfi_offset 11, -16
 2472              	.LCFI13:
 2473              		.cfi_def_cfa 11, 4
 143:../src/iis.c  ****     IISCON =(0<<0);
 2474              		.loc 1 143 0
 2475 0534 10309FE5 		ldr	r3, .L34
 2476 0538 0020A0E3 		mov	r2, #0
 2477 053c 002083E5 		str	r2, [r3, #0]
 144:../src/iis.c  **** }
 2478              		.loc 1 144 0
 2479 0540 0CD04BE2 		sub	sp, fp, #12
 2480 0544 00689DE8 		ldmfd	sp, {fp, sp, lr}
 2481 0548 1EFF2FE1 		bx	lr
 2482              	.L35:
 2483              		.align	2
 2484              	.L34:
 2485 054c 0080D101 		.word	30507008
 2486              		.cfi_endproc
 2487              	.LFE6:
 2489              		.align	2
 2490              		.global	iis_continue
 2492              	iis_continue:
 2493              	.LFB7:
 145:../src/iis.c  **** 
 146:../src/iis.c  **** void iis_continue( void )
 147:../src/iis.c  **** {
 2494              		.loc 1 147 0
 2495              		.cfi_startproc
 2496              		@ Function supports interworking.
 2497              		@ args = 0, pretend = 0, frame = 0
 2498              		@ frame_needed = 1, uses_anonymous_args = 0
 2499 0550 0DC0A0E1 		mov	ip, sp
 2500              	.LCFI14:
 2501              		.cfi_def_cfa_register 12
 2502 0554 00D82DE9 		stmfd	sp!, {fp, ip, lr, pc}
 2503 0558 04B04CE2 		sub	fp, ip, #4
 2504              		.cfi_offset 14, -8
 2505              		.cfi_offset 13, -12
 2506              		.cfi_offset 11, -16
 2507              	.LCFI15:
 2508              		.cfi_def_cfa 11, 4
 148:../src/iis.c  **** 	 IISCON =(1<<0);
 2509              		.loc 1 148 0
 2510 055c 10309FE5 		ldr	r3, .L37
 2511 0560 0120A0E3 		mov	r2, #1
 2512 0564 002083E5 		str	r2, [r3, #0]
 149:../src/iis.c  **** }
 2513              		.loc 1 149 0
 2514 0568 0CD04BE2 		sub	sp, fp, #12
 2515 056c 00689DE8 		ldmfd	sp, {fp, sp, lr}
 2516 0570 1EFF2FE1 		bx	lr
 2517              	.L38:
 2518              		.align	2
 2519              	.L37:
 2520 0574 0080D101 		.word	30507008
 2521              		.cfi_endproc
 2522              	.LFE7:
 2524              		.align	2
 2525              		.global	iis_status
 2527              	iis_status:
 2528              	.LFB8:
 150:../src/iis.c  **** 
 151:../src/iis.c  **** uint8 iis_status( void )
 152:../src/iis.c  **** {
 2529              		.loc 1 152 0
 2530              		.cfi_startproc
 2531              		@ Function supports interworking.
 2532              		@ args = 0, pretend = 0, frame = 0
 2533              		@ frame_needed = 1, uses_anonymous_args = 0
 2534 0578 0DC0A0E1 		mov	ip, sp
 2535              	.LCFI16:
 2536              		.cfi_def_cfa_register 12
 2537 057c 00D82DE9 		stmfd	sp!, {fp, ip, lr, pc}
 2538 0580 04B04CE2 		sub	fp, ip, #4
 2539              		.cfi_offset 14, -8
 2540              		.cfi_offset 13, -12
 2541              		.cfi_offset 11, -16
 2542              	.LCFI17:
 2543              		.cfi_def_cfa 11, 4
 153:../src/iis.c  **** 
 154:../src/iis.c  ****     if(flag==1){
 2544              		.loc 1 154 0
 2545 0584 24309FE5 		ldr	r3, .L42
 2546 0588 0030D3E5 		ldrb	r3, [r3, #0]	@ zero_extendqisi2
 2547 058c 010053E3 		cmp	r3, #1
 2548 0590 0100001A 		bne	.L40
 155:../src/iis.c  ****     	return ON;
 2549              		.loc 1 155 0
 2550 0594 0130A0E3 		mov	r3, #1
 2551 0598 000000EA 		b	.L41
 2552              	.L40:
 156:../src/iis.c  ****     }else{
 157:../src/iis.c  ****     	return OFF;
 2553              		.loc 1 157 0
 2554 059c 0030A0E3 		mov	r3, #0
 2555              	.L41:
 158:../src/iis.c  ****     }
 159:../src/iis.c  **** }
 2556              		.loc 1 159 0
 2557 05a0 0300A0E1 		mov	r0, r3
 2558 05a4 0CD04BE2 		sub	sp, fp, #12
 2559 05a8 00689DE8 		ldmfd	sp, {fp, sp, lr}
 2560 05ac 1EFF2FE1 		bx	lr
 2561              	.L43:
 2562              		.align	2
 2563              	.L42:
 2564 05b0 00000000 		.word	flag
 2565              		.cfi_endproc
 2566              	.LFE8:
 2568              		.align	2
 2569              		.global	iis_playwawFile
 2571              	iis_playwawFile:
 2572              	.LFB9:
 160:../src/iis.c  **** 
 161:../src/iis.c  **** 
 162:../src/iis.c  **** void iis_playwawFile( uint8 *fileAddr )
 163:../src/iis.c  **** {
 2573              		.loc 1 163 0
 2574              		.cfi_startproc
 2575              		@ Function supports interworking.
 2576              		@ args = 0, pretend = 0, frame = 16
 2577              		@ frame_needed = 1, uses_anonymous_args = 0
 2578 05b4 0DC0A0E1 		mov	ip, sp
 2579              	.LCFI18:
 2580              		.cfi_def_cfa_register 12
 2581 05b8 00D82DE9 		stmfd	sp!, {fp, ip, lr, pc}
 2582 05bc 04B04CE2 		sub	fp, ip, #4
 2583              		.cfi_offset 14, -8
 2584              		.cfi_offset 13, -12
 2585              		.cfi_offset 11, -16
 2586              	.LCFI19:
 2587              		.cfi_def_cfa 11, 4
 2588 05c0 10D04DE2 		sub	sp, sp, #16
 2589 05c4 18000BE5 		str	r0, [fp, #-24]
 164:../src/iis.c  ****     uint32 size;
 165:../src/iis.c  **** 
 166:../src/iis.c  ****     while ( !(fileAddr[0] == 'd' && fileAddr[1] == 'a' && fileAddr[2] == 't' && fileAddr[3] == 'a')
 2590              		.loc 1 166 0
 2591 05c8 020000EA 		b	.L45
 2592              	.L46:
 167:../src/iis.c  ****         fileAddr++;
 2593              		.loc 1 167 0
 2594 05cc 18301BE5 		ldr	r3, [fp, #-24]
 2595 05d0 013083E2 		add	r3, r3, #1
 2596 05d4 18300BE5 		str	r3, [fp, #-24]
 2597              	.L45:
 166:../src/iis.c  ****     while ( !(fileAddr[0] == 'd' && fileAddr[1] == 'a' && fileAddr[2] == 't' && fileAddr[3] == 'a')
 2598              		.loc 1 166 0 discriminator 1
 2599 05d8 18301BE5 		ldr	r3, [fp, #-24]
 2600 05dc 0030D3E5 		ldrb	r3, [r3, #0]	@ zero_extendqisi2
 2601 05e0 640053E3 		cmp	r3, #100
 2602 05e4 F8FFFF1A 		bne	.L46
 166:../src/iis.c  ****     while ( !(fileAddr[0] == 'd' && fileAddr[1] == 'a' && fileAddr[2] == 't' && fileAddr[3] == 'a')
 2603              		.loc 1 166 0 is_stmt 0 discriminator 2
 2604 05e8 18301BE5 		ldr	r3, [fp, #-24]
 2605 05ec 013083E2 		add	r3, r3, #1
 2606 05f0 0030D3E5 		ldrb	r3, [r3, #0]	@ zero_extendqisi2
 2607 05f4 610053E3 		cmp	r3, #97
 2608 05f8 F3FFFF1A 		bne	.L46
 166:../src/iis.c  ****     while ( !(fileAddr[0] == 'd' && fileAddr[1] == 'a' && fileAddr[2] == 't' && fileAddr[3] == 'a')
 2609              		.loc 1 166 0 discriminator 1
 2610 05fc 18301BE5 		ldr	r3, [fp, #-24]
 2611 0600 023083E2 		add	r3, r3, #2
 2612 0604 0030D3E5 		ldrb	r3, [r3, #0]	@ zero_extendqisi2
 2613 0608 740053E3 		cmp	r3, #116
 2614 060c EEFFFF1A 		bne	.L46
 2615 0610 18301BE5 		ldr	r3, [fp, #-24]
 2616 0614 033083E2 		add	r3, r3, #3
 2617 0618 0030D3E5 		ldrb	r3, [r3, #0]	@ zero_extendqisi2
 2618 061c 610053E3 		cmp	r3, #97
 2619 0620 E9FFFF1A 		bne	.L46
 168:../src/iis.c  ****     fileAddr += 4;	/*Salta el id del chunk*/
 2620              		.loc 1 168 0 is_stmt 1
 2621 0624 18301BE5 		ldr	r3, [fp, #-24]
 2622 0628 043083E2 		add	r3, r3, #4
 2623 062c 18300BE5 		str	r3, [fp, #-24]
 169:../src/iis.c  **** 
 170:../src/iis.c  ****     size = (uint32) fileAddr[0];				/*Extrae el numero de Bytes*/
 2624              		.loc 1 170 0
 2625 0630 18301BE5 		ldr	r3, [fp, #-24]
 2626 0634 0030D3E5 		ldrb	r3, [r3, #0]	@ zero_extendqisi2
 2627 0638 10300BE5 		str	r3, [fp, #-16]
 171:../src/iis.c  ****     size += (uint32) fileAddr[1] << 8;
 2628              		.loc 1 171 0
 2629 063c 18301BE5 		ldr	r3, [fp, #-24]
 2630 0640 013083E2 		add	r3, r3, #1
 2631 0644 0030D3E5 		ldrb	r3, [r3, #0]	@ zero_extendqisi2
 2632 0648 0334A0E1 		mov	r3, r3, asl #8
 2633 064c 10201BE5 		ldr	r2, [fp, #-16]
 2634 0650 033082E0 		add	r3, r2, r3
 2635 0654 10300BE5 		str	r3, [fp, #-16]
 172:../src/iis.c  ****     size += (uint32) fileAddr[2] << 16;
 2636              		.loc 1 172 0
 2637 0658 18301BE5 		ldr	r3, [fp, #-24]
 2638 065c 023083E2 		add	r3, r3, #2
 2639 0660 0030D3E5 		ldrb	r3, [r3, #0]	@ zero_extendqisi2
 2640 0664 0338A0E1 		mov	r3, r3, asl #16
 2641 0668 10201BE5 		ldr	r2, [fp, #-16]
 2642 066c 033082E0 		add	r3, r2, r3
 2643 0670 10300BE5 		str	r3, [fp, #-16]
 173:../src/iis.c  ****     size += (uint32) fileAddr[3] << 24;
 2644              		.loc 1 173 0
 2645 0674 18301BE5 		ldr	r3, [fp, #-24]
 2646 0678 033083E2 		add	r3, r3, #3
 2647 067c 0030D3E5 		ldrb	r3, [r3, #0]	@ zero_extendqisi2
 2648 0680 033CA0E1 		mov	r3, r3, asl #24
 2649 0684 10201BE5 		ldr	r2, [fp, #-16]
 2650 0688 033082E0 		add	r3, r2, r3
 2651 068c 10300BE5 		str	r3, [fp, #-16]
 174:../src/iis.c  ****     fileAddr += 4;
 2652              		.loc 1 174 0
 2653 0690 18301BE5 		ldr	r3, [fp, #-24]
 2654 0694 043083E2 		add	r3, r3, #4
 2655 0698 18300BE5 		str	r3, [fp, #-24]
 175:../src/iis.c  **** 
 176:../src/iis.c  ****     iis_play( (int16 *)fileAddr, size, OFF );
 2656              		.loc 1 176 0
 2657 069c 18301BE5 		ldr	r3, [fp, #-24]
 2658 06a0 0300A0E1 		mov	r0, r3
 2659 06a4 10101BE5 		ldr	r1, [fp, #-16]
 2660 06a8 0020A0E3 		mov	r2, #0
 2661 06ac FEFFFFEB 		bl	iis_play
 177:../src/iis.c  **** }
 2662              		.loc 1 177 0
 2663 06b0 0CD04BE2 		sub	sp, fp, #12
 2664 06b4 00689DE8 		ldmfd	sp, {fp, sp, lr}
 2665 06b8 1EFF2FE1 		bx	lr
 2666              		.cfi_endproc
 2667              	.LFE9:
 2669              	.Letext0:
DEFINED SYMBOLS
                            *ABS*:00000000 iis.c
C:\Users\USUARI~1\AppData\Local\Temp\ccGMrACs.s:1899   .bss:00000000 flag
C:\Users\USUARI~1\AppData\Local\Temp\ccGMrACs.s:1900   .bss:00000000 $d
C:\Users\USUARI~1\AppData\Local\Temp\ccGMrACs.s:1901   .bss:00000001 iomode
C:\Users\USUARI~1\AppData\Local\Temp\ccGMrACs.s:1904   .text:00000000 $a
C:\Users\USUARI~1\AppData\Local\Temp\ccGMrACs.s:1907   .text:00000000 iis_init
C:\Users\USUARI~1\AppData\Local\Temp\ccGMrACs.s:1989   .text:000000c0 $d
C:\Users\USUARI~1\AppData\Local\Temp\ccGMrACs.s:2004   .text:000000e8 isr_bdma0
C:\Users\USUARI~1\AppData\Local\Temp\ccGMrACs.s:2002   .text:000000e8 $a
C:\Users\USUARI~1\AppData\Local\Temp\ccGMrACs.s:2046   .text:00000134 $d
C:\Users\USUARI~1\AppData\Local\Temp\ccGMrACs.s:2052   .text:00000140 $a
C:\Users\USUARI~1\AppData\Local\Temp\ccGMrACs.s:2055   .text:00000140 iis_putSample
C:\Users\USUARI~1\AppData\Local\Temp\ccGMrACs.s:2101   .text:0000019c $d
C:\Users\USUARI~1\AppData\Local\Temp\ccGMrACs.s:2106   .text:000001a4 $a
C:\Users\USUARI~1\AppData\Local\Temp\ccGMrACs.s:2109   .text:000001a4 iis_getSample
C:\Users\USUARI~1\AppData\Local\Temp\ccGMrACs.s:2159   .text:00000210 $d
C:\Users\USUARI~1\AppData\Local\Temp\ccGMrACs.s:2164   .text:00000218 $a
C:\Users\USUARI~1\AppData\Local\Temp\ccGMrACs.s:2167   .text:00000218 iis_play
C:\Users\USUARI~1\AppData\Local\Temp\ccGMrACs.s:2297   .text:0000037c $d
C:\Users\USUARI~1\AppData\Local\Temp\ccGMrACs.s:2310   .text:000003a4 $a
C:\Users\USUARI~1\AppData\Local\Temp\ccGMrACs.s:2313   .text:000003a4 iis_rec
C:\Users\USUARI~1\AppData\Local\Temp\ccGMrACs.s:2442   .text:00000504 $d
C:\Users\USUARI~1\AppData\Local\Temp\ccGMrACs.s:2454   .text:00000528 $a
C:\Users\USUARI~1\AppData\Local\Temp\ccGMrACs.s:2457   .text:00000528 iis_pause
C:\Users\USUARI~1\AppData\Local\Temp\ccGMrACs.s:2485   .text:0000054c $d
C:\Users\USUARI~1\AppData\Local\Temp\ccGMrACs.s:2489   .text:00000550 $a
C:\Users\USUARI~1\AppData\Local\Temp\ccGMrACs.s:2492   .text:00000550 iis_continue
C:\Users\USUARI~1\AppData\Local\Temp\ccGMrACs.s:2520   .text:00000574 $d
C:\Users\USUARI~1\AppData\Local\Temp\ccGMrACs.s:2524   .text:00000578 $a
C:\Users\USUARI~1\AppData\Local\Temp\ccGMrACs.s:2527   .text:00000578 iis_status
C:\Users\USUARI~1\AppData\Local\Temp\ccGMrACs.s:2564   .text:000005b0 $d
C:\Users\USUARI~1\AppData\Local\Temp\ccGMrACs.s:2568   .text:000005b4 $a
C:\Users\USUARI~1\AppData\Local\Temp\ccGMrACs.s:2571   .text:000005b4 iis_playwawFile
                     .debug_frame:00000010 $d

UNDEFINED SYMBOLS
bdma0_init
bdma0_open
